<?xml version="1.0" encoding="UTF-8"?>
<!-- Generated by org.testng.reporters.JUnitReportReporter -->
<testsuite hostname="Saran" failures="0" tests="1" name="testCases.TC_RegistrationTest" time="1.430" errors="0" timestamp="2025-05-17T13:54:14 IST" skipped="0">
  <testcase classname="testCases.TC_RegistrationTest" name="registrtionVerification" time="1.430"/>
</testsuite> <!-- testCases.TC_RegistrationTest -->
