<?xml version="1.0" encoding="UTF-8"?>
<!-- Generated by org.testng.reporters.JUnitReportReporter -->
<testsuite hostname="Saran" failures="0" tests="1" name="testCases.TC_LoginTest" time="1.009" errors="0" timestamp="2025-05-17T13:54:14 IST" skipped="0">
  <testcase classname="testCases.TC_LoginTest" name="verifyLogin" time="1.009"/>
</testsuite> <!-- testCases.TC_LoginTest -->
